C:\USERS\MIKE\DOCUMENTS\VISUAL STUDIO 2012\PROJECTS\FLIGHTSIM\FLIGHTSIM\DEBUG\FLIGHTSIM.OBJ
C:\USERS\MIKE\DOCUMENTS\VISUAL STUDIO 2012\PROJECTS\FLIGHTSIM\FLIGHTSIM\DEBUG\VC110.PDB
C:\Users\Mike\Documents\Visual Studio 2012\Projects\FlightSim\FlightSim\Debug\FlightSim.obj
C:\Users\Mike\Documents\Visual Studio 2012\Projects\FlightSim\FlightSim\Debug\cl.command.1.tlog
C:\Users\Mike\Documents\Visual Studio 2012\Projects\FlightSim\FlightSim\Debug\CL.read.1.tlog
C:\Users\Mike\Documents\Visual Studio 2012\Projects\FlightSim\FlightSim\Debug\CL.write.1.tlog
C:\Users\Mike\Documents\Visual Studio 2012\Projects\FlightSim\FlightSim\Debug\link-cvtres.read.1.tlog
C:\Users\Mike\Documents\Visual Studio 2012\Projects\FlightSim\FlightSim\Debug\link-cvtres.write.1.tlog
C:\Users\Mike\Documents\Visual Studio 2012\Projects\FlightSim\FlightSim\Debug\link-rc.read.1.tlog
C:\Users\Mike\Documents\Visual Studio 2012\Projects\FlightSim\FlightSim\Debug\link-rc.write.1.tlog
C:\Users\Mike\Documents\Visual Studio 2012\Projects\FlightSim\FlightSim\Debug\link.6528-cvtres.read.1.tlog
C:\Users\Mike\Documents\Visual Studio 2012\Projects\FlightSim\FlightSim\Debug\link.6528-cvtres.write.1.tlog
C:\Users\Mike\Documents\Visual Studio 2012\Projects\FlightSim\FlightSim\Debug\link.6528-rc.read.1.tlog
C:\Users\Mike\Documents\Visual Studio 2012\Projects\FlightSim\FlightSim\Debug\link.6528-rc.write.1.tlog
C:\Users\Mike\Documents\Visual Studio 2012\Projects\FlightSim\FlightSim\Debug\link.6528.read.1.tlog
C:\Users\Mike\Documents\Visual Studio 2012\Projects\FlightSim\FlightSim\Debug\link.6528.write.1.tlog
C:\Users\Mike\Documents\Visual Studio 2012\Projects\FlightSim\FlightSim\Debug\link.command.1.tlog
C:\Users\Mike\Documents\Visual Studio 2012\Projects\FlightSim\FlightSim\Debug\link.read.1.tlog
C:\Users\Mike\Documents\Visual Studio 2012\Projects\FlightSim\FlightSim\Debug\link.write.1.tlog
C:\Users\Mike\Documents\Visual Studio 2012\Projects\FlightSim\FlightSim\Debug\vc110.idb
C:\Users\Mike\Documents\Visual Studio 2012\Projects\FlightSim\FlightSim\Debug\vc110.pdb
C:\Users\Mike\Documents\Visual Studio 2012\Projects\FlightSim\Debug\FlightSim.pdb
